Analysis & Synthesis report for lab8_top
Thu Nov 12 20:14:08 2020
Quartus Prime Version 18.1.0 Build 625 09/12/2018 SJ Lite Edition


---------------------
; Table of Contents ;
---------------------
  1. Legal Notice
  2. Analysis & Synthesis Summary
  3. Analysis & Synthesis Settings
  4. Parallel Compilation
  5. Analysis & Synthesis Source Files Read
  6. Analysis & Synthesis Resource Usage Summary
  7. Analysis & Synthesis Resource Utilization by Entity
  8. Analysis & Synthesis RAM Summary
  9. General Register Statistics
 10. Registers Packed Into Inferred Megafunctions
 11. Multiplexer Restructuring Statistics (Restructuring Performed)
 12. Source assignments for RAM:MEM|altsyncram:mem_rtl_0|altsyncram_7gr1:auto_generated
 13. Parameter Settings for User Entity Instance: cpu:CPU|register:IR
 14. Parameter Settings for User Entity Instance: cpu:CPU|datapath:DP|regfile:REGFILE|register:r0
 15. Parameter Settings for User Entity Instance: cpu:CPU|datapath:DP|regfile:REGFILE|register:r1
 16. Parameter Settings for User Entity Instance: cpu:CPU|datapath:DP|regfile:REGFILE|register:r2
 17. Parameter Settings for User Entity Instance: cpu:CPU|datapath:DP|regfile:REGFILE|register:r3
 18. Parameter Settings for User Entity Instance: cpu:CPU|datapath:DP|regfile:REGFILE|register:r4
 19. Parameter Settings for User Entity Instance: cpu:CPU|datapath:DP|regfile:REGFILE|register:r5
 20. Parameter Settings for User Entity Instance: cpu:CPU|datapath:DP|regfile:REGFILE|register:r6
 21. Parameter Settings for User Entity Instance: cpu:CPU|datapath:DP|regfile:REGFILE|register:r7
 22. Parameter Settings for User Entity Instance: cpu:CPU|datapath:DP|register:A
 23. Parameter Settings for User Entity Instance: cpu:CPU|datapath:DP|register:B
 24. Parameter Settings for User Entity Instance: cpu:CPU|datapath:DP|register:C
 25. Parameter Settings for User Entity Instance: cpu:CPU|datapath:DP|register:status
 26. Parameter Settings for User Entity Instance: cpu:CPU|register:counter
 27. Parameter Settings for User Entity Instance: cpu:CPU|register:data_address
 28. Parameter Settings for User Entity Instance: cpu:CPU|register:sreg
 29. Parameter Settings for User Entity Instance: RAM:MEM
 30. Parameter Settings for User Entity Instance: mem_manage:Manager|EqComp:COMP2
 31. Parameter Settings for User Entity Instance: mem_manage:Manager|EqComp:COMP3
 32. Parameter Settings for User Entity Instance: mapping_io:IO|EqComp:COMP4
 33. Parameter Settings for User Entity Instance: mapping_io:IO|EqComp:COMP6
 34. Parameter Settings for User Entity Instance: mapping_io:IO|EqComp:COMP5
 35. Parameter Settings for User Entity Instance: mapping_io:IO|EqComp:COMP7
 36. Parameter Settings for Inferred Entity Instance: RAM:MEM|altsyncram:mem_rtl_0
 37. altsyncram Parameter Settings by Entity Instance
 38. Port Connectivity Checks: "mapping_io:IO|EqComp:COMP6"
 39. Port Connectivity Checks: "mapping_io:IO|EqComp:COMP4"
 40. Port Connectivity Checks: "mapping_io:IO"
 41. Port Connectivity Checks: "mem_manage:Manager|EqComp:COMP3"
 42. Port Connectivity Checks: "mem_manage:Manager|EqComp:COMP2"
 43. Port Connectivity Checks: "cpu:CPU|mux2_9:reset_mux"
 44. Port Connectivity Checks: "cpu:CPU|datapath:DP|mux2_16:com6"
 45. Port Connectivity Checks: "cpu:CPU|datapath:DP|mux4_16:com9"
 46. Port Connectivity Checks: "cpu:CPU|datapath:DP"
 47. Port Connectivity Checks: "cpu:CPU"
 48. Post-Synthesis Netlist Statistics for Top Partition
 49. Elapsed Time Per Partition
 50. Analysis & Synthesis Messages
 51. Analysis & Synthesis Suppressed Messages



----------------
; Legal Notice ;
----------------
Copyright (C) 2018  Intel Corporation. All rights reserved.
Your use of Intel Corporation's design tools, logic functions 
and other software and tools, and its AMPP partner logic 
functions, and any output files from any of the foregoing 
(including device programming or simulation files), and any 
associated documentation or information are expressly subject 
to the terms and conditions of the Intel Program License 
Subscription Agreement, the Intel Quartus Prime License Agreement,
the Intel FPGA IP License Agreement, or other applicable license
agreement, including, without limitation, that your use is for
the sole purpose of programming logic devices manufactured by
Intel and sold by Intel or its authorized distributors.  Please
refer to the applicable agreement for further details.



+-------------------------------------------------------------------------------+
; Analysis & Synthesis Summary                                                  ;
+---------------------------------+---------------------------------------------+
; Analysis & Synthesis Status     ; Successful - Thu Nov 12 20:14:08 2020       ;
; Quartus Prime Version           ; 18.1.0 Build 625 09/12/2018 SJ Lite Edition ;
; Revision Name                   ; lab8_top                                    ;
; Top-level Entity Name           ; lab8_top                                    ;
; Family                          ; Cyclone V                                   ;
; Logic utilization (in ALMs)     ; N/A                                         ;
; Total registers                 ; 256                                         ;
; Total pins                      ; 67                                          ;
; Total virtual pins              ; 0                                           ;
; Total block memory bits         ; 4,096                                       ;
; Total DSP Blocks                ; 0                                           ;
; Total HSSI RX PCSs              ; 0                                           ;
; Total HSSI PMA RX Deserializers ; 0                                           ;
; Total HSSI TX PCSs              ; 0                                           ;
; Total HSSI PMA TX Serializers   ; 0                                           ;
; Total PLLs                      ; 0                                           ;
; Total DLLs                      ; 0                                           ;
+---------------------------------+---------------------------------------------+


+---------------------------------------------------------------------------------------------------------------------------+
; Analysis & Synthesis Settings                                                                                             ;
+---------------------------------------------------------------------------------+--------------------+--------------------+
; Option                                                                          ; Setting            ; Default Value      ;
+---------------------------------------------------------------------------------+--------------------+--------------------+
; Device                                                                          ; 5CSEMA5F31C6       ;                    ;
; Top-level entity name                                                           ; lab8_top           ; lab8_top           ;
; Family name                                                                     ; Cyclone V          ; Cyclone V          ;
; Use smart compilation                                                           ; Off                ; Off                ;
; Enable parallel Assembler and Timing Analyzer during compilation                ; On                 ; On                 ;
; Enable compact report table                                                     ; Off                ; Off                ;
; Restructure Multiplexers                                                        ; Auto               ; Auto               ;
; MLAB Add Timing Constraints For Mixed-Port Feed-Through Mode Setting Don't Care ; Off                ; Off                ;
; Create Debugging Nodes for IP Cores                                             ; Off                ; Off                ;
; Preserve fewer node names                                                       ; On                 ; On                 ;
; Intel FPGA IP Evaluation Mode                                                   ; Enable             ; Enable             ;
; Verilog Version                                                                 ; Verilog_2001       ; Verilog_2001       ;
; VHDL Version                                                                    ; VHDL_1993          ; VHDL_1993          ;
; State Machine Processing                                                        ; Auto               ; Auto               ;
; Safe State Machine                                                              ; Off                ; Off                ;
; Extract Verilog State Machines                                                  ; On                 ; On                 ;
; Extract VHDL State Machines                                                     ; On                 ; On                 ;
; Ignore Verilog initial constructs                                               ; Off                ; Off                ;
; Iteration limit for constant Verilog loops                                      ; 5000               ; 5000               ;
; Iteration limit for non-constant Verilog loops                                  ; 250                ; 250                ;
; Add Pass-Through Logic to Inferred RAMs                                         ; On                 ; On                 ;
; Infer RAMs from Raw Logic                                                       ; On                 ; On                 ;
; Parallel Synthesis                                                              ; On                 ; On                 ;
; DSP Block Balancing                                                             ; Auto               ; Auto               ;
; NOT Gate Push-Back                                                              ; On                 ; On                 ;
; Power-Up Don't Care                                                             ; On                 ; On                 ;
; Remove Redundant Logic Cells                                                    ; Off                ; Off                ;
; Remove Duplicate Registers                                                      ; On                 ; On                 ;
; Ignore CARRY Buffers                                                            ; Off                ; Off                ;
; Ignore CASCADE Buffers                                                          ; Off                ; Off                ;
; Ignore GLOBAL Buffers                                                           ; Off                ; Off                ;
; Ignore ROW GLOBAL Buffers                                                       ; Off                ; Off                ;
; Ignore LCELL Buffers                                                            ; Off                ; Off                ;
; Ignore SOFT Buffers                                                             ; On                 ; On                 ;
; Limit AHDL Integers to 32 Bits                                                  ; Off                ; Off                ;
; Optimization Technique                                                          ; Balanced           ; Balanced           ;
; Carry Chain Length                                                              ; 70                 ; 70                 ;
; Auto Carry Chains                                                               ; On                 ; On                 ;
; Auto Open-Drain Pins                                                            ; On                 ; On                 ;
; Perform WYSIWYG Primitive Resynthesis                                           ; Off                ; Off                ;
; Auto ROM Replacement                                                            ; On                 ; On                 ;
; Auto RAM Replacement                                                            ; On                 ; On                 ;
; Auto DSP Block Replacement                                                      ; On                 ; On                 ;
; Auto Shift Register Replacement                                                 ; Auto               ; Auto               ;
; Allow Shift Register Merging across Hierarchies                                 ; Auto               ; Auto               ;
; Auto Clock Enable Replacement                                                   ; On                 ; On                 ;
; Strict RAM Replacement                                                          ; Off                ; Off                ;
; Allow Synchronous Control Signals                                               ; On                 ; On                 ;
; Force Use of Synchronous Clear Signals                                          ; Off                ; Off                ;
; Auto Resource Sharing                                                           ; Off                ; Off                ;
; Allow Any RAM Size For Recognition                                              ; Off                ; Off                ;
; Allow Any ROM Size For Recognition                                              ; Off                ; Off                ;
; Allow Any Shift Register Size For Recognition                                   ; Off                ; Off                ;
; Use LogicLock Constraints during Resource Balancing                             ; On                 ; On                 ;
; Ignore translate_off and synthesis_off directives                               ; Off                ; Off                ;
; Timing-Driven Synthesis                                                         ; On                 ; On                 ;
; Report Parameter Settings                                                       ; On                 ; On                 ;
; Report Source Assignments                                                       ; On                 ; On                 ;
; Report Connectivity Checks                                                      ; On                 ; On                 ;
; Ignore Maximum Fan-Out Assignments                                              ; Off                ; Off                ;
; Synchronization Register Chain Length                                           ; 3                  ; 3                  ;
; Power Optimization During Synthesis                                             ; Normal compilation ; Normal compilation ;
; HDL message level                                                               ; Level2             ; Level2             ;
; Suppress Register Optimization Related Messages                                 ; Off                ; Off                ;
; Number of Removed Registers Reported in Synthesis Report                        ; 5000               ; 5000               ;
; Number of Swept Nodes Reported in Synthesis Report                              ; 5000               ; 5000               ;
; Number of Inverted Registers Reported in Synthesis Report                       ; 100                ; 100                ;
; Clock MUX Protection                                                            ; On                 ; On                 ;
; Auto Gated Clock Conversion                                                     ; Off                ; Off                ;
; Block Design Naming                                                             ; Auto               ; Auto               ;
; SDC constraint protection                                                       ; Off                ; Off                ;
; Synthesis Effort                                                                ; Auto               ; Auto               ;
; Shift Register Replacement - Allow Asynchronous Clear Signal                    ; On                 ; On                 ;
; Pre-Mapping Resynthesis Optimization                                            ; Off                ; Off                ;
; Analysis & Synthesis Message Level                                              ; Medium             ; Medium             ;
; Disable Register Merging Across Hierarchies                                     ; Auto               ; Auto               ;
; Resource Aware Inference For Block RAM                                          ; On                 ; On                 ;
; Automatic Parallel Synthesis                                                    ; On                 ; On                 ;
; Partial Reconfiguration Bitstream ID                                            ; Off                ; Off                ;
+---------------------------------------------------------------------------------+--------------------+--------------------+


+------------------------------------------+
; Parallel Compilation                     ;
+----------------------------+-------------+
; Processors                 ; Number      ;
+----------------------------+-------------+
; Number detected on machine ; 8           ;
; Maximum allowed            ; 4           ;
;                            ;             ;
; Average used               ; 1.00        ;
; Maximum used               ; 4           ;
;                            ;             ;
; Usage by Processor         ; % Time Used ;
;     Processor 1            ; 100.0%      ;
;     Processor 2            ;   0.0%      ;
;     Processor 3            ;   0.0%      ;
;     Processor 4            ;   0.0%      ;
+----------------------------+-------------+


+----------------------------------------------------------------------------------------------------------------------------------------------------------------------------------------------------------+
; Analysis & Synthesis Source Files Read                                                                                                                                                                   ;
+---------------------------------------+-----------------+-------------------------------------------------------+------------------------------------------------------------------------------+---------+
; File Name with User-Entered Path      ; Used in Netlist ; File Type                                             ; File Name with Absolute Path                                                 ; Library ;
+---------------------------------------+-----------------+-------------------------------------------------------+------------------------------------------------------------------------------+---------+
; shifter.v                             ; yes             ; User Verilog HDL File                                 ; C:/Users/tonys/Downloads/lab8/shifter.v                                      ;         ;
; regfile.v                             ; yes             ; User Verilog HDL File                                 ; C:/Users/tonys/Downloads/lab8/regfile.v                                      ;         ;
; lab8_top.v                            ; yes             ; User Verilog HDL File                                 ; C:/Users/tonys/Downloads/lab8/lab8_top.v                                     ;         ;
; datapath.v                            ; yes             ; User Verilog HDL File                                 ; C:/Users/tonys/Downloads/lab8/datapath.v                                     ;         ;
; cpu.v                                 ; yes             ; User Verilog HDL File                                 ; C:/Users/tonys/Downloads/lab8/cpu.v                                          ;         ;
; alu.v                                 ; yes             ; User Verilog HDL File                                 ; C:/Users/tonys/Downloads/lab8/alu.v                                          ;         ;
; altsyncram.tdf                        ; yes             ; Megafunction                                          ; c:/intelfpga_lite/18.1/quartus/libraries/megafunctions/altsyncram.tdf        ;         ;
; stratix_ram_block.inc                 ; yes             ; Megafunction                                          ; c:/intelfpga_lite/18.1/quartus/libraries/megafunctions/stratix_ram_block.inc ;         ;
; lpm_mux.inc                           ; yes             ; Megafunction                                          ; c:/intelfpga_lite/18.1/quartus/libraries/megafunctions/lpm_mux.inc           ;         ;
; lpm_decode.inc                        ; yes             ; Megafunction                                          ; c:/intelfpga_lite/18.1/quartus/libraries/megafunctions/lpm_decode.inc        ;         ;
; aglobal181.inc                        ; yes             ; Megafunction                                          ; c:/intelfpga_lite/18.1/quartus/libraries/megafunctions/aglobal181.inc        ;         ;
; a_rdenreg.inc                         ; yes             ; Megafunction                                          ; c:/intelfpga_lite/18.1/quartus/libraries/megafunctions/a_rdenreg.inc         ;         ;
; altrom.inc                            ; yes             ; Megafunction                                          ; c:/intelfpga_lite/18.1/quartus/libraries/megafunctions/altrom.inc            ;         ;
; altram.inc                            ; yes             ; Megafunction                                          ; c:/intelfpga_lite/18.1/quartus/libraries/megafunctions/altram.inc            ;         ;
; altdpram.inc                          ; yes             ; Megafunction                                          ; c:/intelfpga_lite/18.1/quartus/libraries/megafunctions/altdpram.inc          ;         ;
; db/altsyncram_7gr1.tdf                ; yes             ; Auto-Generated Megafunction                           ; C:/Users/tonys/Downloads/lab8/db/altsyncram_7gr1.tdf                         ;         ;
; db/lab8_top.ram0_ram_c71b7de4.hdl.mif ; yes             ; Auto-Generated Auto-Found Memory Initialization File  ; C:/Users/tonys/Downloads/lab8/db/lab8_top.ram0_ram_c71b7de4.hdl.mif          ;         ;
+---------------------------------------+-----------------+-------------------------------------------------------+------------------------------------------------------------------------------+---------+


+--------------------------------------------------------------+
; Analysis & Synthesis Resource Usage Summary                  ;
+---------------------------------------------+----------------+
; Resource                                    ; Usage          ;
+---------------------------------------------+----------------+
; Estimate of Logic utilization (ALMs needed) ; 274            ;
;                                             ;                ;
; Combinational ALUT usage for logic          ; 404            ;
;     -- 7 input functions                    ; 2              ;
;     -- 6 input functions                    ; 124            ;
;     -- 5 input functions                    ; 103            ;
;     -- 4 input functions                    ; 66             ;
;     -- <=3 input functions                  ; 109            ;
;                                             ;                ;
; Dedicated logic registers                   ; 256            ;
;                                             ;                ;
; I/O pins                                    ; 67             ;
; Total MLAB memory bits                      ; 0              ;
; Total block memory bits                     ; 4096           ;
;                                             ;                ;
; Total DSP Blocks                            ; 0              ;
;                                             ;                ;
; Maximum fan-out node                        ; CLOCK_50~input ;
; Maximum fan-out                             ; 272            ;
; Total fan-out                               ; 2904           ;
; Average fan-out                             ; 3.59           ;
+---------------------------------------------+----------------+


+-------------------------------------------------------------------------------------------------------------------------------------------------------------------------------------------------------------------------------------------------------------+
; Analysis & Synthesis Resource Utilization by Entity                                                                                                                                                                                                         ;
+-------------------------------------------+---------------------+---------------------------+-------------------+------------+------+--------------+-----------------------------------------------------------------------+-----------------+--------------+
; Compilation Hierarchy Node                ; Combinational ALUTs ; Dedicated Logic Registers ; Block Memory Bits ; DSP Blocks ; Pins ; Virtual Pins ; Full Hierarchy Name                                                   ; Entity Name     ; Library Name ;
+-------------------------------------------+---------------------+---------------------------+-------------------+------------+------+--------------+-----------------------------------------------------------------------+-----------------+--------------+
; |lab8_top                                 ; 404 (16)            ; 256 (0)                   ; 4096              ; 0          ; 67   ; 0            ; |lab8_top                                                             ; lab8_top        ; work         ;
;    |RAM:MEM|                              ; 0 (0)               ; 0 (0)                     ; 4096              ; 0          ; 0    ; 0            ; |lab8_top|RAM:MEM                                                     ; RAM             ; work         ;
;       |altsyncram:mem_rtl_0|              ; 0 (0)               ; 0 (0)                     ; 4096              ; 0          ; 0    ; 0            ; |lab8_top|RAM:MEM|altsyncram:mem_rtl_0                                ; altsyncram      ; work         ;
;          |altsyncram_7gr1:auto_generated| ; 0 (0)               ; 0 (0)                     ; 4096              ; 0          ; 0    ; 0            ; |lab8_top|RAM:MEM|altsyncram:mem_rtl_0|altsyncram_7gr1:auto_generated ; altsyncram_7gr1 ; work         ;
;    |cpu:CPU|                              ; 379 (0)             ; 248 (0)                   ; 0                 ; 0          ; 0    ; 0            ; |lab8_top|cpu:CPU                                                     ; cpu             ; work         ;
;       |addr_adder:U1|                     ; 57 (57)             ; 0 (0)                     ; 0                 ; 0          ; 0    ; 0            ; |lab8_top|cpu:CPU|addr_adder:U1                                       ; addr_adder      ; work         ;
;       |datapath:DP|                       ; 169 (0)             ; 179 (0)                   ; 0                 ; 0          ; 0    ; 0            ; |lab8_top|cpu:CPU|datapath:DP                                         ; datapath        ; work         ;
;          |ALU:U2|                         ; 43 (43)             ; 0 (0)                     ; 0                 ; 0          ; 0    ; 0            ; |lab8_top|cpu:CPU|datapath:DP|ALU:U2                                  ; ALU             ; work         ;
;          |mux2_16:com6|                   ; 16 (16)             ; 0 (0)                     ; 0                 ; 0          ; 0    ; 0            ; |lab8_top|cpu:CPU|datapath:DP|mux2_16:com6                            ; mux2_16         ; work         ;
;          |mux2_16:com7|                   ; 19 (19)             ; 0 (0)                     ; 0                 ; 0          ; 0    ; 0            ; |lab8_top|cpu:CPU|datapath:DP|mux2_16:com7                            ; mux2_16         ; work         ;
;          |mux4_16:com9|                   ; 29 (29)             ; 0 (0)                     ; 0                 ; 0          ; 0    ; 0            ; |lab8_top|cpu:CPU|datapath:DP|mux4_16:com9                            ; mux4_16         ; work         ;
;          |regfile:REGFILE|                ; 62 (8)              ; 128 (0)                   ; 0                 ; 0          ; 0    ; 0            ; |lab8_top|cpu:CPU|datapath:DP|regfile:REGFILE                         ; regfile         ; work         ;
;             |decoder38:read|              ; 1 (1)               ; 0 (0)                     ; 0                 ; 0          ; 0    ; 0            ; |lab8_top|cpu:CPU|datapath:DP|regfile:REGFILE|decoder38:read          ; decoder38       ; work         ;
;             |mux8_16:pass|                ; 53 (53)             ; 0 (0)                     ; 0                 ; 0          ; 0    ; 0            ; |lab8_top|cpu:CPU|datapath:DP|regfile:REGFILE|mux8_16:pass            ; mux8_16         ; work         ;
;             |register:r0|                 ; 0 (0)               ; 16 (16)                   ; 0                 ; 0          ; 0    ; 0            ; |lab8_top|cpu:CPU|datapath:DP|regfile:REGFILE|register:r0             ; register        ; work         ;
;             |register:r1|                 ; 0 (0)               ; 16 (16)                   ; 0                 ; 0          ; 0    ; 0            ; |lab8_top|cpu:CPU|datapath:DP|regfile:REGFILE|register:r1             ; register        ; work         ;
;             |register:r2|                 ; 0 (0)               ; 16 (16)                   ; 0                 ; 0          ; 0    ; 0            ; |lab8_top|cpu:CPU|datapath:DP|regfile:REGFILE|register:r2             ; register        ; work         ;
;             |register:r3|                 ; 0 (0)               ; 16 (16)                   ; 0                 ; 0          ; 0    ; 0            ; |lab8_top|cpu:CPU|datapath:DP|regfile:REGFILE|register:r3             ; register        ; work         ;
;             |register:r4|                 ; 0 (0)               ; 16 (16)                   ; 0                 ; 0          ; 0    ; 0            ; |lab8_top|cpu:CPU|datapath:DP|regfile:REGFILE|register:r4             ; register        ; work         ;
;             |register:r5|                 ; 0 (0)               ; 16 (16)                   ; 0                 ; 0          ; 0    ; 0            ; |lab8_top|cpu:CPU|datapath:DP|regfile:REGFILE|register:r5             ; register        ; work         ;
;             |register:r6|                 ; 0 (0)               ; 16 (16)                   ; 0                 ; 0          ; 0    ; 0            ; |lab8_top|cpu:CPU|datapath:DP|regfile:REGFILE|register:r6             ; register        ; work         ;
;             |register:r7|                 ; 0 (0)               ; 16 (16)                   ; 0                 ; 0          ; 0    ; 0            ; |lab8_top|cpu:CPU|datapath:DP|regfile:REGFILE|register:r7             ; register        ; work         ;
;          |register:A|                     ; 0 (0)               ; 16 (16)                   ; 0                 ; 0          ; 0    ; 0            ; |lab8_top|cpu:CPU|datapath:DP|register:A                              ; register        ; work         ;
;          |register:B|                     ; 0 (0)               ; 16 (16)                   ; 0                 ; 0          ; 0    ; 0            ; |lab8_top|cpu:CPU|datapath:DP|register:B                              ; register        ; work         ;
;          |register:C|                     ; 0 (0)               ; 16 (16)                   ; 0                 ; 0          ; 0    ; 0            ; |lab8_top|cpu:CPU|datapath:DP|register:C                              ; register        ; work         ;
;          |register:status|                ; 0 (0)               ; 3 (3)                     ; 0                 ; 0          ; 0    ; 0            ; |lab8_top|cpu:CPU|datapath:DP|register:status                         ; register        ; work         ;
;       |decoder:ID|                        ; 6 (6)               ; 0 (0)                     ; 0                 ; 0          ; 0    ; 0            ; |lab8_top|cpu:CPU|decoder:ID                                          ; decoder         ; work         ;
;       |mux2_9:addr_mux|                   ; 8 (8)               ; 0 (0)                     ; 0                 ; 0          ; 0    ; 0            ; |lab8_top|cpu:CPU|mux2_9:addr_mux                                     ; mux2_9          ; work         ;
;       |mux2_9:reset_mux|                  ; 18 (18)             ; 0 (0)                     ; 0                 ; 0          ; 0    ; 0            ; |lab8_top|cpu:CPU|mux2_9:reset_mux                                    ; mux2_9          ; work         ;
;       |register:IR|                       ; 0 (0)               ; 16 (16)                   ; 0                 ; 0          ; 0    ; 0            ; |lab8_top|cpu:CPU|register:IR                                         ; register        ; work         ;
;       |register:counter|                  ; 7 (7)               ; 9 (9)                     ; 0                 ; 0          ; 0    ; 0            ; |lab8_top|cpu:CPU|register:counter                                    ; register        ; work         ;
;       |register:data_address|             ; 0 (0)               ; 9 (9)                     ; 0                 ; 0          ; 0    ; 0            ; |lab8_top|cpu:CPU|register:data_address                               ; register        ; work         ;
;       |register:sreg|                     ; 0 (0)               ; 9 (9)                     ; 0                 ; 0          ; 0    ; 0            ; |lab8_top|cpu:CPU|register:sreg                                       ; register        ; work         ;
;       |state_machine:SM|                  ; 114 (114)           ; 26 (26)                   ; 0                 ; 0          ; 0    ; 0            ; |lab8_top|cpu:CPU|state_machine:SM                                    ; state_machine   ; work         ;
;    |mapping_io:IO|                        ; 8 (8)               ; 8 (8)                     ; 0                 ; 0          ; 0    ; 0            ; |lab8_top|mapping_io:IO                                               ; mapping_io      ; work         ;
;    |mem_manage:Manager|                   ; 1 (1)               ; 0 (0)                     ; 0                 ; 0          ; 0    ; 0            ; |lab8_top|mem_manage:Manager                                          ; mem_manage      ; work         ;
+-------------------------------------------+---------------------+---------------------------+-------------------+------------+------+--------------+-----------------------------------------------------------------------+-----------------+--------------+
Note: For table entries with two numbers listed, the numbers in parentheses indicate the number of resources of the given type used by the specific entity alone. The numbers listed outside of parentheses indicate the total resources of the given type used by the specific entity and all of its sub-entities in the hierarchy.


+-------------------------------------------------------------------------------------------------------------------------------------------------------------------------------------------------------------+
; Analysis & Synthesis RAM Summary                                                                                                                                                                            ;
+------------------------------------------------------------------------+------+------------------+--------------+--------------+--------------+--------------+------+---------------------------------------+
; Name                                                                   ; Type ; Mode             ; Port A Depth ; Port A Width ; Port B Depth ; Port B Width ; Size ; MIF                                   ;
+------------------------------------------------------------------------+------+------------------+--------------+--------------+--------------+--------------+------+---------------------------------------+
; RAM:MEM|altsyncram:mem_rtl_0|altsyncram_7gr1:auto_generated|ALTSYNCRAM ; AUTO ; Simple Dual Port ; 256          ; 16           ; 256          ; 16           ; 4096 ; db/lab8_top.ram0_RAM_c71b7de4.hdl.mif ;
+------------------------------------------------------------------------+------+------------------+--------------+--------------+--------------+--------------+------+---------------------------------------+


+------------------------------------------------------+
; General Register Statistics                          ;
+----------------------------------------------+-------+
; Statistic                                    ; Value ;
+----------------------------------------------+-------+
; Total registers                              ; 256   ;
; Number of registers using Synchronous Clear  ; 9     ;
; Number of registers using Synchronous Load   ; 17    ;
; Number of registers using Asynchronous Clear ; 0     ;
; Number of registers using Asynchronous Load  ; 0     ;
; Number of registers using Clock Enable       ; 230   ;
; Number of registers using Preset             ; 0     ;
+----------------------------------------------+-------+


+------------------------------------------------+
; Registers Packed Into Inferred Megafunctions   ;
+---------------------+-------------------+------+
; Register Name       ; Megafunction      ; Type ;
+---------------------+-------------------+------+
; RAM:MEM|dout[0..15] ; RAM:MEM|mem_rtl_0 ; RAM  ;
+---------------------+-------------------+------+


+-------------------------------------------------------------------------------------------------------------------------------------------------------------------------------------+
; Multiplexer Restructuring Statistics (Restructuring Performed)                                                                                                                      ;
+--------------------+-----------+---------------+----------------------+------------------------+------------+-----------------------------------------------------------------------+
; Multiplexer Inputs ; Bus Width ; Baseline Area ; Area if Restructured ; Saving if Restructured ; Registered ; Example Multiplexer Output                                            ;
+--------------------+-----------+---------------+----------------------+------------------------+------------+-----------------------------------------------------------------------+
; 169:1              ; 9 bits    ; 1008 LEs      ; 36 LEs               ; 972 LEs                ; Yes        ; |lab8_top|cpu:CPU|register:counter|out[7]                             ;
; 4:1                ; 16 bits   ; 32 LEs        ; 32 LEs               ; 0 LEs                  ; No         ; |lab8_top|cpu:CPU|datapath:DP|ALU:U2|Mux13                            ;
; 3:1                ; 3 bits    ; 6 LEs         ; 6 LEs                ; 0 LEs                  ; No         ; |lab8_top|cpu:CPU|decoder:ID|Mux0                                     ;
; 5:1                ; 14 bits   ; 42 LEs        ; 28 LEs               ; 14 LEs                 ; No         ; |lab8_top|cpu:CPU|datapath:DP|mux2_16:com7|data_in[11]                ;
; 4:1                ; 7 bits    ; 14 LEs        ; 14 LEs               ; 0 LEs                  ; No         ; |lab8_top|cpu:CPU|datapath:DP|mux4_16:com9|Mux0                       ;
; 4:1                ; 9 bits    ; 18 LEs        ; 18 LEs               ; 0 LEs                  ; No         ; |lab8_top|cpu:CPU|datapath:DP|mux4_16:com9|Mux15                      ;
; 8:1                ; 16 bits   ; 80 LEs        ; 80 LEs               ; 0 LEs                  ; No         ; |lab8_top|cpu:CPU|datapath:DP|regfile:REGFILE|mux8_16:pass|Selector12 ;
+--------------------+-----------+---------------+----------------------+------------------------+------------+-----------------------------------------------------------------------+


+------------------------------------------------------------------------------------+
; Source assignments for RAM:MEM|altsyncram:mem_rtl_0|altsyncram_7gr1:auto_generated ;
+---------------------------------+--------------------+------+----------------------+
; Assignment                      ; Value              ; From ; To                   ;
+---------------------------------+--------------------+------+----------------------+
; OPTIMIZE_POWER_DURING_SYNTHESIS ; NORMAL_COMPILATION ; -    ; -                    ;
+---------------------------------+--------------------+------+----------------------+


+------------------------------------------------------------------+
; Parameter Settings for User Entity Instance: cpu:CPU|register:IR ;
+----------------+-------+-----------------------------------------+
; Parameter Name ; Value ; Type                                    ;
+----------------+-------+-----------------------------------------+
; n              ; 16    ; Signed Integer                          ;
+----------------+-------+-----------------------------------------+
Note: In order to hide this table in the UI and the text report file, please set the "Show Parameter Settings in Synthesis Report" option in "Analysis and Synthesis Settings -> More Settings" to "Off".


+----------------------------------------------------------------------------------------------+
; Parameter Settings for User Entity Instance: cpu:CPU|datapath:DP|regfile:REGFILE|register:r0 ;
+----------------+-------+---------------------------------------------------------------------+
; Parameter Name ; Value ; Type                                                                ;
+----------------+-------+---------------------------------------------------------------------+
; n              ; 16    ; Signed Integer                                                      ;
+----------------+-------+---------------------------------------------------------------------+
Note: In order to hide this table in the UI and the text report file, please set the "Show Parameter Settings in Synthesis Report" option in "Analysis and Synthesis Settings -> More Settings" to "Off".


+----------------------------------------------------------------------------------------------+
; Parameter Settings for User Entity Instance: cpu:CPU|datapath:DP|regfile:REGFILE|register:r1 ;
+----------------+-------+---------------------------------------------------------------------+
; Parameter Name ; Value ; Type                                                                ;
+----------------+-------+---------------------------------------------------------------------+
; n              ; 16    ; Signed Integer                                                      ;
+----------------+-------+---------------------------------------------------------------------+
Note: In order to hide this table in the UI and the text report file, please set the "Show Parameter Settings in Synthesis Report" option in "Analysis and Synthesis Settings -> More Settings" to "Off".


+----------------------------------------------------------------------------------------------+
; Parameter Settings for User Entity Instance: cpu:CPU|datapath:DP|regfile:REGFILE|register:r2 ;
+----------------+-------+---------------------------------------------------------------------+
; Parameter Name ; Value ; Type                                                                ;
+----------------+-------+---------------------------------------------------------------------+
; n              ; 16    ; Signed Integer                                                      ;
+----------------+-------+---------------------------------------------------------------------+
Note: In order to hide this table in the UI and the text report file, please set the "Show Parameter Settings in Synthesis Report" option in "Analysis and Synthesis Settings -> More Settings" to "Off".


+----------------------------------------------------------------------------------------------+
; Parameter Settings for User Entity Instance: cpu:CPU|datapath:DP|regfile:REGFILE|register:r3 ;
+----------------+-------+---------------------------------------------------------------------+
; Parameter Name ; Value ; Type                                                                ;
+----------------+-------+---------------------------------------------------------------------+
; n              ; 16    ; Signed Integer                                                      ;
+----------------+-------+---------------------------------------------------------------------+
Note: In order to hide this table in the UI and the text report file, please set the "Show Parameter Settings in Synthesis Report" option in "Analysis and Synthesis Settings -> More Settings" to "Off".


+----------------------------------------------------------------------------------------------+
; Parameter Settings for User Entity Instance: cpu:CPU|datapath:DP|regfile:REGFILE|register:r4 ;
+----------------+-------+---------------------------------------------------------------------+
; Parameter Name ; Value ; Type                                                                ;
+----------------+-------+---------------------------------------------------------------------+
; n              ; 16    ; Signed Integer                                                      ;
+----------------+-------+---------------------------------------------------------------------+
Note: In order to hide this table in the UI and the text report file, please set the "Show Parameter Settings in Synthesis Report" option in "Analysis and Synthesis Settings -> More Settings" to "Off".


+----------------------------------------------------------------------------------------------+
; Parameter Settings for User Entity Instance: cpu:CPU|datapath:DP|regfile:REGFILE|register:r5 ;
+----------------+-------+---------------------------------------------------------------------+
; Parameter Name ; Value ; Type                                                                ;
+----------------+-------+---------------------------------------------------------------------+
; n              ; 16    ; Signed Integer                                                      ;
+----------------+-------+---------------------------------------------------------------------+
Note: In order to hide this table in the UI and the text report file, please set the "Show Parameter Settings in Synthesis Report" option in "Analysis and Synthesis Settings -> More Settings" to "Off".


+----------------------------------------------------------------------------------------------+
; Parameter Settings for User Entity Instance: cpu:CPU|datapath:DP|regfile:REGFILE|register:r6 ;
+----------------+-------+---------------------------------------------------------------------+
; Parameter Name ; Value ; Type                                                                ;
+----------------+-------+---------------------------------------------------------------------+
; n              ; 16    ; Signed Integer                                                      ;
+----------------+-------+---------------------------------------------------------------------+
Note: In order to hide this table in the UI and the text report file, please set the "Show Parameter Settings in Synthesis Report" option in "Analysis and Synthesis Settings -> More Settings" to "Off".


+----------------------------------------------------------------------------------------------+
; Parameter Settings for User Entity Instance: cpu:CPU|datapath:DP|regfile:REGFILE|register:r7 ;
+----------------+-------+---------------------------------------------------------------------+
; Parameter Name ; Value ; Type                                                                ;
+----------------+-------+---------------------------------------------------------------------+
; n              ; 16    ; Signed Integer                                                      ;
+----------------+-------+---------------------------------------------------------------------+
Note: In order to hide this table in the UI and the text report file, please set the "Show Parameter Settings in Synthesis Report" option in "Analysis and Synthesis Settings -> More Settings" to "Off".


+-----------------------------------------------------------------------------+
; Parameter Settings for User Entity Instance: cpu:CPU|datapath:DP|register:A ;
+----------------+-------+----------------------------------------------------+
; Parameter Name ; Value ; Type                                               ;
+----------------+-------+----------------------------------------------------+
; n              ; 16    ; Signed Integer                                     ;
+----------------+-------+----------------------------------------------------+
Note: In order to hide this table in the UI and the text report file, please set the "Show Parameter Settings in Synthesis Report" option in "Analysis and Synthesis Settings -> More Settings" to "Off".


+-----------------------------------------------------------------------------+
; Parameter Settings for User Entity Instance: cpu:CPU|datapath:DP|register:B ;
+----------------+-------+----------------------------------------------------+
; Parameter Name ; Value ; Type                                               ;
+----------------+-------+----------------------------------------------------+
; n              ; 16    ; Signed Integer                                     ;
+----------------+-------+----------------------------------------------------+
Note: In order to hide this table in the UI and the text report file, please set the "Show Parameter Settings in Synthesis Report" option in "Analysis and Synthesis Settings -> More Settings" to "Off".


+-----------------------------------------------------------------------------+
; Parameter Settings for User Entity Instance: cpu:CPU|datapath:DP|register:C ;
+----------------+-------+----------------------------------------------------+
; Parameter Name ; Value ; Type                                               ;
+----------------+-------+----------------------------------------------------+
; n              ; 16    ; Signed Integer                                     ;
+----------------+-------+----------------------------------------------------+
Note: In order to hide this table in the UI and the text report file, please set the "Show Parameter Settings in Synthesis Report" option in "Analysis and Synthesis Settings -> More Settings" to "Off".


+----------------------------------------------------------------------------------+
; Parameter Settings for User Entity Instance: cpu:CPU|datapath:DP|register:status ;
+----------------+-------+---------------------------------------------------------+
; Parameter Name ; Value ; Type                                                    ;
+----------------+-------+---------------------------------------------------------+
; n              ; 3     ; Signed Integer                                          ;
+----------------+-------+---------------------------------------------------------+
Note: In order to hide this table in the UI and the text report file, please set the "Show Parameter Settings in Synthesis Report" option in "Analysis and Synthesis Settings -> More Settings" to "Off".


+-----------------------------------------------------------------------+
; Parameter Settings for User Entity Instance: cpu:CPU|register:counter ;
+----------------+-------+----------------------------------------------+
; Parameter Name ; Value ; Type                                         ;
+----------------+-------+----------------------------------------------+
; n              ; 9     ; Signed Integer                               ;
+----------------+-------+----------------------------------------------+
Note: In order to hide this table in the UI and the text report file, please set the "Show Parameter Settings in Synthesis Report" option in "Analysis and Synthesis Settings -> More Settings" to "Off".


+----------------------------------------------------------------------------+
; Parameter Settings for User Entity Instance: cpu:CPU|register:data_address ;
+----------------+-------+---------------------------------------------------+
; Parameter Name ; Value ; Type                                              ;
+----------------+-------+---------------------------------------------------+
; n              ; 9     ; Signed Integer                                    ;
+----------------+-------+---------------------------------------------------+
Note: In order to hide this table in the UI and the text report file, please set the "Show Parameter Settings in Synthesis Report" option in "Analysis and Synthesis Settings -> More Settings" to "Off".


+--------------------------------------------------------------------+
; Parameter Settings for User Entity Instance: cpu:CPU|register:sreg ;
+----------------+-------+-------------------------------------------+
; Parameter Name ; Value ; Type                                      ;
+----------------+-------+-------------------------------------------+
; n              ; 9     ; Signed Integer                            ;
+----------------+-------+-------------------------------------------+
Note: In order to hide this table in the UI and the text report file, please set the "Show Parameter Settings in Synthesis Report" option in "Analysis and Synthesis Settings -> More Settings" to "Off".


+------------------------------------------------------+
; Parameter Settings for User Entity Instance: RAM:MEM ;
+----------------+--------------+----------------------+
; Parameter Name ; Value        ; Type                 ;
+----------------+--------------+----------------------+
; data_width     ; 16           ; Signed Integer       ;
; addr_width     ; 8            ; Signed Integer       ;
; filename       ; lab8fig2.txt ; String               ;
+----------------+--------------+----------------------+
Note: In order to hide this table in the UI and the text report file, please set the "Show Parameter Settings in Synthesis Report" option in "Analysis and Synthesis Settings -> More Settings" to "Off".


+------------------------------------------------------------------------------+
; Parameter Settings for User Entity Instance: mem_manage:Manager|EqComp:COMP2 ;
+----------------+-------+-----------------------------------------------------+
; Parameter Name ; Value ; Type                                                ;
+----------------+-------+-----------------------------------------------------+
; k              ; 3     ; Signed Integer                                      ;
+----------------+-------+-----------------------------------------------------+
Note: In order to hide this table in the UI and the text report file, please set the "Show Parameter Settings in Synthesis Report" option in "Analysis and Synthesis Settings -> More Settings" to "Off".


+------------------------------------------------------------------------------+
; Parameter Settings for User Entity Instance: mem_manage:Manager|EqComp:COMP3 ;
+----------------+-------+-----------------------------------------------------+
; Parameter Name ; Value ; Type                                                ;
+----------------+-------+-----------------------------------------------------+
; k              ; 3     ; Signed Integer                                      ;
+----------------+-------+-----------------------------------------------------+
Note: In order to hide this table in the UI and the text report file, please set the "Show Parameter Settings in Synthesis Report" option in "Analysis and Synthesis Settings -> More Settings" to "Off".


+-------------------------------------------------------------------------+
; Parameter Settings for User Entity Instance: mapping_io:IO|EqComp:COMP4 ;
+----------------+-------+------------------------------------------------+
; Parameter Name ; Value ; Type                                           ;
+----------------+-------+------------------------------------------------+
; k              ; 3     ; Signed Integer                                 ;
+----------------+-------+------------------------------------------------+
Note: In order to hide this table in the UI and the text report file, please set the "Show Parameter Settings in Synthesis Report" option in "Analysis and Synthesis Settings -> More Settings" to "Off".


+-------------------------------------------------------------------------+
; Parameter Settings for User Entity Instance: mapping_io:IO|EqComp:COMP6 ;
+----------------+-------+------------------------------------------------+
; Parameter Name ; Value ; Type                                           ;
+----------------+-------+------------------------------------------------+
; k              ; 3     ; Signed Integer                                 ;
+----------------+-------+------------------------------------------------+
Note: In order to hide this table in the UI and the text report file, please set the "Show Parameter Settings in Synthesis Report" option in "Analysis and Synthesis Settings -> More Settings" to "Off".


+-------------------------------------------------------------------------+
; Parameter Settings for User Entity Instance: mapping_io:IO|EqComp:COMP5 ;
+----------------+-------+------------------------------------------------+
; Parameter Name ; Value ; Type                                           ;
+----------------+-------+------------------------------------------------+
; k              ; 9     ; Signed Integer                                 ;
+----------------+-------+------------------------------------------------+
Note: In order to hide this table in the UI and the text report file, please set the "Show Parameter Settings in Synthesis Report" option in "Analysis and Synthesis Settings -> More Settings" to "Off".


+-------------------------------------------------------------------------+
; Parameter Settings for User Entity Instance: mapping_io:IO|EqComp:COMP7 ;
+----------------+-------+------------------------------------------------+
; Parameter Name ; Value ; Type                                           ;
+----------------+-------+------------------------------------------------+
; k              ; 9     ; Signed Integer                                 ;
+----------------+-------+------------------------------------------------+
Note: In order to hide this table in the UI and the text report file, please set the "Show Parameter Settings in Synthesis Report" option in "Analysis and Synthesis Settings -> More Settings" to "Off".


+---------------------------------------------------------------------------------------------+
; Parameter Settings for Inferred Entity Instance: RAM:MEM|altsyncram:mem_rtl_0               ;
+------------------------------------+---------------------------------------+----------------+
; Parameter Name                     ; Value                                 ; Type           ;
+------------------------------------+---------------------------------------+----------------+
; BYTE_SIZE_BLOCK                    ; 8                                     ; Untyped        ;
; AUTO_CARRY_CHAINS                  ; ON                                    ; AUTO_CARRY     ;
; IGNORE_CARRY_BUFFERS               ; OFF                                   ; IGNORE_CARRY   ;
; AUTO_CASCADE_CHAINS                ; ON                                    ; AUTO_CASCADE   ;
; IGNORE_CASCADE_BUFFERS             ; OFF                                   ; IGNORE_CASCADE ;
; WIDTH_BYTEENA                      ; 1                                     ; Untyped        ;
; OPERATION_MODE                     ; DUAL_PORT                             ; Untyped        ;
; WIDTH_A                            ; 16                                    ; Untyped        ;
; WIDTHAD_A                          ; 8                                     ; Untyped        ;
; NUMWORDS_A                         ; 256                                   ; Untyped        ;
; OUTDATA_REG_A                      ; UNREGISTERED                          ; Untyped        ;
; ADDRESS_ACLR_A                     ; NONE                                  ; Untyped        ;
; OUTDATA_ACLR_A                     ; NONE                                  ; Untyped        ;
; WRCONTROL_ACLR_A                   ; NONE                                  ; Untyped        ;
; INDATA_ACLR_A                      ; NONE                                  ; Untyped        ;
; BYTEENA_ACLR_A                     ; NONE                                  ; Untyped        ;
; WIDTH_B                            ; 16                                    ; Untyped        ;
; WIDTHAD_B                          ; 8                                     ; Untyped        ;
; NUMWORDS_B                         ; 256                                   ; Untyped        ;
; INDATA_REG_B                       ; CLOCK1                                ; Untyped        ;
; WRCONTROL_WRADDRESS_REG_B          ; CLOCK1                                ; Untyped        ;
; RDCONTROL_REG_B                    ; CLOCK1                                ; Untyped        ;
; ADDRESS_REG_B                      ; CLOCK0                                ; Untyped        ;
; OUTDATA_REG_B                      ; UNREGISTERED                          ; Untyped        ;
; BYTEENA_REG_B                      ; CLOCK1                                ; Untyped        ;
; INDATA_ACLR_B                      ; NONE                                  ; Untyped        ;
; WRCONTROL_ACLR_B                   ; NONE                                  ; Untyped        ;
; ADDRESS_ACLR_B                     ; NONE                                  ; Untyped        ;
; OUTDATA_ACLR_B                     ; NONE                                  ; Untyped        ;
; RDCONTROL_ACLR_B                   ; NONE                                  ; Untyped        ;
; BYTEENA_ACLR_B                     ; NONE                                  ; Untyped        ;
; WIDTH_BYTEENA_A                    ; 1                                     ; Untyped        ;
; WIDTH_BYTEENA_B                    ; 1                                     ; Untyped        ;
; RAM_BLOCK_TYPE                     ; AUTO                                  ; Untyped        ;
; BYTE_SIZE                          ; 8                                     ; Untyped        ;
; READ_DURING_WRITE_MODE_MIXED_PORTS ; OLD_DATA                              ; Untyped        ;
; READ_DURING_WRITE_MODE_PORT_A      ; NEW_DATA_NO_NBE_READ                  ; Untyped        ;
; READ_DURING_WRITE_MODE_PORT_B      ; NEW_DATA_NO_NBE_READ                  ; Untyped        ;
; INIT_FILE                          ; db/lab8_top.ram0_RAM_c71b7de4.hdl.mif ; Untyped        ;
; INIT_FILE_LAYOUT                   ; PORT_A                                ; Untyped        ;
; MAXIMUM_DEPTH                      ; 0                                     ; Untyped        ;
; CLOCK_ENABLE_INPUT_A               ; NORMAL                                ; Untyped        ;
; CLOCK_ENABLE_INPUT_B               ; NORMAL                                ; Untyped        ;
; CLOCK_ENABLE_OUTPUT_A              ; NORMAL                                ; Untyped        ;
; CLOCK_ENABLE_OUTPUT_B              ; NORMAL                                ; Untyped        ;
; CLOCK_ENABLE_CORE_A                ; USE_INPUT_CLKEN                       ; Untyped        ;
; CLOCK_ENABLE_CORE_B                ; USE_INPUT_CLKEN                       ; Untyped        ;
; ENABLE_ECC                         ; FALSE                                 ; Untyped        ;
; ECC_PIPELINE_STAGE_ENABLED         ; FALSE                                 ; Untyped        ;
; WIDTH_ECCSTATUS                    ; 3                                     ; Untyped        ;
; DEVICE_FAMILY                      ; Cyclone V                             ; Untyped        ;
; CBXI_PARAMETER                     ; altsyncram_7gr1                       ; Untyped        ;
+------------------------------------+---------------------------------------+----------------+
Note: In order to hide this table in the UI and the text report file, please set the "Show Parameter Settings in Synthesis Report" option in "Analysis and Synthesis Settings -> More Settings" to "Off".


+--------------------------------------------------------------------------+
; altsyncram Parameter Settings by Entity Instance                         ;
+-------------------------------------------+------------------------------+
; Name                                      ; Value                        ;
+-------------------------------------------+------------------------------+
; Number of entity instances                ; 1                            ;
; Entity Instance                           ; RAM:MEM|altsyncram:mem_rtl_0 ;
;     -- OPERATION_MODE                     ; DUAL_PORT                    ;
;     -- WIDTH_A                            ; 16                           ;
;     -- NUMWORDS_A                         ; 256                          ;
;     -- OUTDATA_REG_A                      ; UNREGISTERED                 ;
;     -- WIDTH_B                            ; 16                           ;
;     -- NUMWORDS_B                         ; 256                          ;
;     -- ADDRESS_REG_B                      ; CLOCK0                       ;
;     -- OUTDATA_REG_B                      ; UNREGISTERED                 ;
;     -- RAM_BLOCK_TYPE                     ; AUTO                         ;
;     -- READ_DURING_WRITE_MODE_MIXED_PORTS ; OLD_DATA                     ;
+-------------------------------------------+------------------------------+


+--------------------------------------------------------+
; Port Connectivity Checks: "mapping_io:IO|EqComp:COMP6" ;
+---------+-------+----------+---------------------------+
; Port    ; Type  ; Severity ; Details                   ;
+---------+-------+----------+---------------------------+
; b[1..0] ; Input ; Info     ; Stuck at GND              ;
; b[2]    ; Input ; Info     ; Stuck at VCC              ;
+---------+-------+----------+---------------------------+


+--------------------------------------------------------+
; Port Connectivity Checks: "mapping_io:IO|EqComp:COMP4" ;
+------+-------+----------+------------------------------+
; Port ; Type  ; Severity ; Details                      ;
+------+-------+----------+------------------------------+
; b[2] ; Input ; Info     ; Stuck at GND                 ;
; b[1] ; Input ; Info     ; Stuck at VCC                 ;
; b[0] ; Input ; Info     ; Stuck at GND                 ;
+------+-------+----------+------------------------------+


+---------------------------------------------------+
; Port Connectivity Checks: "mapping_io:IO"         ;
+-----------------+-------+----------+--------------+
; Port            ; Type  ; Severity ; Details      ;
+-----------------+-------+----------+--------------+
; address_1[5..0] ; Input ; Info     ; Stuck at GND ;
; address_1[8]    ; Input ; Info     ; Stuck at VCC ;
; address_1[7]    ; Input ; Info     ; Stuck at GND ;
; address_1[6]    ; Input ; Info     ; Stuck at VCC ;
; address_2[7..0] ; Input ; Info     ; Stuck at GND ;
; address_2[8]    ; Input ; Info     ; Stuck at VCC ;
+-----------------+-------+----------+--------------+


+-------------------------------------------------------------+
; Port Connectivity Checks: "mem_manage:Manager|EqComp:COMP3" ;
+---------+-------+----------+--------------------------------+
; Port    ; Type  ; Severity ; Details                        ;
+---------+-------+----------+--------------------------------+
; b[1..0] ; Input ; Info     ; Stuck at GND                   ;
; b[2]    ; Input ; Info     ; Stuck at VCC                   ;
+---------+-------+----------+--------------------------------+


+-------------------------------------------------------------+
; Port Connectivity Checks: "mem_manage:Manager|EqComp:COMP2" ;
+------+-------+----------+-----------------------------------+
; Port ; Type  ; Severity ; Details                           ;
+------+-------+----------+-----------------------------------+
; b[2] ; Input ; Info     ; Stuck at GND                      ;
; b[1] ; Input ; Info     ; Stuck at VCC                      ;
; b[0] ; Input ; Info     ; Stuck at GND                      ;
+------+-------+----------+-----------------------------------+


+------------------------------------------------------+
; Port Connectivity Checks: "cpu:CPU|mux2_9:reset_mux" ;
+-----------+-------+----------+-----------------------+
; Port      ; Type  ; Severity ; Details               ;
+-----------+-------+----------+-----------------------+
; addr_zero ; Input ; Info     ; Stuck at GND          ;
+-----------+-------+----------+-----------------------+


+--------------------------------------------------------------+
; Port Connectivity Checks: "cpu:CPU|datapath:DP|mux2_16:com6" ;
+-------------+-------+----------+-----------------------------+
; Port        ; Type  ; Severity ; Details                     ;
+-------------+-------+----------+-----------------------------+
; datapath_in ; Input ; Info     ; Stuck at GND                ;
+-------------+-------+----------+-----------------------------+


+--------------------------------------------------------------+
; Port Connectivity Checks: "cpu:CPU|datapath:DP|mux4_16:com9" ;
+-----------+-------+----------+-------------------------------+
; Port      ; Type  ; Severity ; Details                       ;
+-----------+-------+----------+-------------------------------+
; pc[15..9] ; Input ; Info     ; Stuck at GND                  ;
+-----------+-------+----------+-------------------------------+


+-------------------------------------------------+
; Port Connectivity Checks: "cpu:CPU|datapath:DP" ;
+-----------+-------+----------+------------------+
; Port      ; Type  ; Severity ; Details          ;
+-----------+-------+----------+------------------+
; pc[15..9] ; Input ; Info     ; Stuck at GND     ;
+-----------+-------+----------+------------------+


+----------------------------------------------------------------------------------------------------------------+
; Port Connectivity Checks: "cpu:CPU"                                                                            ;
+------+--------+----------+-------------------------------------------------------------------------------------+
; Port ; Type   ; Severity ; Details                                                                             ;
+------+--------+----------+-------------------------------------------------------------------------------------+
; N    ; Output ; Info     ; Connected to dangling logic. Logic that only feeds a dangling port will be removed. ;
; V    ; Output ; Info     ; Connected to dangling logic. Logic that only feeds a dangling port will be removed. ;
; Z    ; Output ; Info     ; Connected to dangling logic. Logic that only feeds a dangling port will be removed. ;
+------+--------+----------+-------------------------------------------------------------------------------------+


+-----------------------------------------------------+
; Post-Synthesis Netlist Statistics for Top Partition ;
+-----------------------+-----------------------------+
; Type                  ; Count                       ;
+-----------------------+-----------------------------+
; arriav_ff             ; 256                         ;
;     ENA               ; 204                         ;
;     ENA SCLR          ; 9                           ;
;     ENA SLD           ; 17                          ;
;     plain             ; 26                          ;
; arriav_lcell_comb     ; 405                         ;
;     arith             ; 71                          ;
;         1 data inputs ; 9                           ;
;         2 data inputs ; 9                           ;
;         3 data inputs ; 19                          ;
;         4 data inputs ; 9                           ;
;         5 data inputs ; 25                          ;
;     extend            ; 2                           ;
;         7 data inputs ; 2                           ;
;     normal            ; 332                         ;
;         0 data inputs ; 1                           ;
;         2 data inputs ; 34                          ;
;         3 data inputs ; 38                          ;
;         4 data inputs ; 57                          ;
;         5 data inputs ; 78                          ;
;         6 data inputs ; 124                         ;
; boundary_port         ; 67                          ;
; stratixv_ram_block    ; 16                          ;
;                       ;                             ;
; Max LUT depth         ; 7.00                        ;
; Average LUT depth     ; 3.60                        ;
+-----------------------+-----------------------------+


+-------------------------------+
; Elapsed Time Per Partition    ;
+----------------+--------------+
; Partition Name ; Elapsed Time ;
+----------------+--------------+
; Top            ; 00:00:02     ;
+----------------+--------------+


+-------------------------------+
; Analysis & Synthesis Messages ;
+-------------------------------+
Info: *******************************************************************
Info: Running Quartus Prime Analysis & Synthesis
    Info: Version 18.1.0 Build 625 09/12/2018 SJ Lite Edition
    Info: Processing started: Thu Nov 12 20:13:54 2020
Info: Command: quartus_map --read_settings_files=on --write_settings_files=off lab8 -c lab8_top
Warning (18236): Number of processors has not been specified which may cause overloading on shared machines.  Set the global assignment NUM_PARALLEL_PROCESSORS in your QSF to an appropriate value for best performance.
Info (20030): Parallel compilation is enabled and will use 4 of the 4 processors detected
Info (12021): Found 1 design units, including 1 entities, in source file shifter.v
    Info (12023): Found entity 1: shifter File: C:/Users/tonys/Downloads/lab8/shifter.v Line: 1
Info (12021): Found 4 design units, including 4 entities, in source file regfile.v
    Info (12023): Found entity 1: regfile File: C:/Users/tonys/Downloads/lab8/regfile.v Line: 1
    Info (12023): Found entity 2: decoder38 File: C:/Users/tonys/Downloads/lab8/regfile.v Line: 36
    Info (12023): Found entity 3: register File: C:/Users/tonys/Downloads/lab8/regfile.v Line: 50
    Info (12023): Found entity 4: mux8_16 File: C:/Users/tonys/Downloads/lab8/regfile.v Line: 65
Info (12021): Found 5 design units, including 5 entities, in source file lab8_top.v
    Info (12023): Found entity 1: lab8_top File: C:/Users/tonys/Downloads/lab8/lab8_top.v Line: 1
    Info (12023): Found entity 2: RAM File: C:/Users/tonys/Downloads/lab8/lab8_top.v Line: 28
    Info (12023): Found entity 3: EqComp File: C:/Users/tonys/Downloads/lab8/lab8_top.v Line: 53
    Info (12023): Found entity 4: mem_manage File: C:/Users/tonys/Downloads/lab8/lab8_top.v Line: 62
    Info (12023): Found entity 5: mapping_io File: C:/Users/tonys/Downloads/lab8/lab8_top.v Line: 89
Info (12021): Found 3 design units, including 3 entities, in source file datapath.v
    Info (12023): Found entity 1: datapath File: C:/Users/tonys/Downloads/lab8/datapath.v Line: 1
    Info (12023): Found entity 2: mux2_16 File: C:/Users/tonys/Downloads/lab8/datapath.v Line: 37
    Info (12023): Found entity 3: mux4_16 File: C:/Users/tonys/Downloads/lab8/datapath.v Line: 52
Info (12021): Found 5 design units, including 5 entities, in source file cpu.v
    Info (12023): Found entity 1: cpu File: C:/Users/tonys/Downloads/lab8/cpu.v Line: 1
    Info (12023): Found entity 2: state_machine File: C:/Users/tonys/Downloads/lab8/cpu.v Line: 60
    Info (12023): Found entity 3: decoder File: C:/Users/tonys/Downloads/lab8/cpu.v Line: 173
    Info (12023): Found entity 4: mux2_9 File: C:/Users/tonys/Downloads/lab8/cpu.v Line: 243
    Info (12023): Found entity 5: addr_adder File: C:/Users/tonys/Downloads/lab8/cpu.v Line: 258
Info (12021): Found 1 design units, including 1 entities, in source file alu.v
    Info (12023): Found entity 1: ALU File: C:/Users/tonys/Downloads/lab8/alu.v Line: 1
Info (12127): Elaborating entity "lab8_top" for the top level hierarchy
Warning (10034): Output port "LEDR[9]" at lab8_top.v(5) has no driver File: C:/Users/tonys/Downloads/lab8/lab8_top.v Line: 5
Warning (10034): Output port "HEX0" at lab8_top.v(6) has no driver File: C:/Users/tonys/Downloads/lab8/lab8_top.v Line: 6
Warning (10034): Output port "HEX1" at lab8_top.v(6) has no driver File: C:/Users/tonys/Downloads/lab8/lab8_top.v Line: 6
Warning (10034): Output port "HEX2" at lab8_top.v(6) has no driver File: C:/Users/tonys/Downloads/lab8/lab8_top.v Line: 6
Warning (10034): Output port "HEX3" at lab8_top.v(6) has no driver File: C:/Users/tonys/Downloads/lab8/lab8_top.v Line: 6
Warning (10034): Output port "HEX4" at lab8_top.v(6) has no driver File: C:/Users/tonys/Downloads/lab8/lab8_top.v Line: 6
Warning (10034): Output port "HEX5" at lab8_top.v(6) has no driver File: C:/Users/tonys/Downloads/lab8/lab8_top.v Line: 6
Info (12128): Elaborating entity "cpu" for hierarchy "cpu:CPU" File: C:/Users/tonys/Downloads/lab8/lab8_top.v Line: 17
Info (12128): Elaborating entity "register" for hierarchy "cpu:CPU|register:IR" File: C:/Users/tonys/Downloads/lab8/cpu.v Line: 32
Info (12128): Elaborating entity "decoder" for hierarchy "cpu:CPU|decoder:ID" File: C:/Users/tonys/Downloads/lab8/cpu.v Line: 33
Info (10264): Verilog HDL Case Statement information at cpu.v(234): all case item expressions in this case statement are onehot File: C:/Users/tonys/Downloads/lab8/cpu.v Line: 234
Info (12128): Elaborating entity "state_machine" for hierarchy "cpu:CPU|state_machine:SM" File: C:/Users/tonys/Downloads/lab8/cpu.v Line: 34
Info (12128): Elaborating entity "datapath" for hierarchy "cpu:CPU|datapath:DP" File: C:/Users/tonys/Downloads/lab8/cpu.v Line: 36
Info (12128): Elaborating entity "mux4_16" for hierarchy "cpu:CPU|datapath:DP|mux4_16:com9" File: C:/Users/tonys/Downloads/lab8/datapath.v Line: 24
Info (10264): Verilog HDL Case Statement information at datapath.v(59): all case item expressions in this case statement are onehot File: C:/Users/tonys/Downloads/lab8/datapath.v Line: 59
Info (12128): Elaborating entity "regfile" for hierarchy "cpu:CPU|datapath:DP|regfile:REGFILE" File: C:/Users/tonys/Downloads/lab8/datapath.v Line: 25
Info (12128): Elaborating entity "decoder38" for hierarchy "cpu:CPU|datapath:DP|regfile:REGFILE|decoder38:choose" File: C:/Users/tonys/Downloads/lab8/regfile.v Line: 19
Info (12128): Elaborating entity "mux8_16" for hierarchy "cpu:CPU|datapath:DP|regfile:REGFILE|mux8_16:pass" File: C:/Users/tonys/Downloads/lab8/regfile.v Line: 32
Info (10264): Verilog HDL Case Statement information at regfile.v(72): all case item expressions in this case statement are onehot File: C:/Users/tonys/Downloads/lab8/regfile.v Line: 72
Info (12128): Elaborating entity "register" for hierarchy "cpu:CPU|datapath:DP|register:A" File: C:/Users/tonys/Downloads/lab8/datapath.v Line: 26
Info (12128): Elaborating entity "shifter" for hierarchy "cpu:CPU|datapath:DP|shifter:U1" File: C:/Users/tonys/Downloads/lab8/datapath.v Line: 28
Info (12128): Elaborating entity "mux2_16" for hierarchy "cpu:CPU|datapath:DP|mux2_16:com6" File: C:/Users/tonys/Downloads/lab8/datapath.v Line: 29
Info (12128): Elaborating entity "ALU" for hierarchy "cpu:CPU|datapath:DP|ALU:U2" File: C:/Users/tonys/Downloads/lab8/datapath.v Line: 31
Info (12128): Elaborating entity "register" for hierarchy "cpu:CPU|datapath:DP|register:status" File: C:/Users/tonys/Downloads/lab8/datapath.v Line: 33
Info (12128): Elaborating entity "mux2_9" for hierarchy "cpu:CPU|mux2_9:reset_mux" File: C:/Users/tonys/Downloads/lab8/cpu.v Line: 37
Info (12128): Elaborating entity "addr_adder" for hierarchy "cpu:CPU|addr_adder:U1" File: C:/Users/tonys/Downloads/lab8/cpu.v Line: 38
Info (12128): Elaborating entity "register" for hierarchy "cpu:CPU|register:counter" File: C:/Users/tonys/Downloads/lab8/cpu.v Line: 39
Info (12128): Elaborating entity "RAM" for hierarchy "RAM:MEM" File: C:/Users/tonys/Downloads/lab8/lab8_top.v Line: 18
Info (12128): Elaborating entity "mem_manage" for hierarchy "mem_manage:Manager" File: C:/Users/tonys/Downloads/lab8/lab8_top.v Line: 19
Info (12128): Elaborating entity "EqComp" for hierarchy "mem_manage:Manager|EqComp:COMP2" File: C:/Users/tonys/Downloads/lab8/lab8_top.v Line: 81
Info (12128): Elaborating entity "mapping_io" for hierarchy "mapping_io:IO" File: C:/Users/tonys/Downloads/lab8/lab8_top.v Line: 20
Info (12128): Elaborating entity "EqComp" for hierarchy "mapping_io:IO|EqComp:COMP5" File: C:/Users/tonys/Downloads/lab8/lab8_top.v Line: 106
Warning (13046): Tri-state node(s) do not directly drive top-level pin(s)
    Warning (13048): Converted tri-state node "read_data[15]" into a selector File: C:/Users/tonys/Downloads/lab8/regfile.v Line: 60
    Warning (13048): Converted tri-state node "read_data[14]" into a selector File: C:/Users/tonys/Downloads/lab8/regfile.v Line: 60
    Warning (13048): Converted tri-state node "read_data[13]" into a selector File: C:/Users/tonys/Downloads/lab8/regfile.v Line: 60
    Warning (13048): Converted tri-state node "read_data[12]" into a selector File: C:/Users/tonys/Downloads/lab8/regfile.v Line: 60
    Warning (13048): Converted tri-state node "read_data[11]" into a selector File: C:/Users/tonys/Downloads/lab8/regfile.v Line: 60
    Warning (13048): Converted tri-state node "read_data[10]" into a selector File: C:/Users/tonys/Downloads/lab8/regfile.v Line: 60
    Warning (13048): Converted tri-state node "read_data[9]" into a selector File: C:/Users/tonys/Downloads/lab8/regfile.v Line: 60
    Warning (13048): Converted tri-state node "read_data[8]" into a selector File: C:/Users/tonys/Downloads/lab8/regfile.v Line: 60
    Warning (13048): Converted tri-state node "read_data[7]" into a selector File: C:/Users/tonys/Downloads/lab8/regfile.v Line: 60
    Warning (13048): Converted tri-state node "read_data[6]" into a selector File: C:/Users/tonys/Downloads/lab8/regfile.v Line: 60
    Warning (13048): Converted tri-state node "read_data[5]" into a selector File: C:/Users/tonys/Downloads/lab8/regfile.v Line: 60
    Warning (13048): Converted tri-state node "read_data[4]" into a selector File: C:/Users/tonys/Downloads/lab8/regfile.v Line: 60
    Warning (13048): Converted tri-state node "read_data[3]" into a selector File: C:/Users/tonys/Downloads/lab8/regfile.v Line: 60
    Warning (13048): Converted tri-state node "read_data[2]" into a selector File: C:/Users/tonys/Downloads/lab8/regfile.v Line: 60
    Warning (13048): Converted tri-state node "read_data[1]" into a selector File: C:/Users/tonys/Downloads/lab8/regfile.v Line: 60
    Warning (13048): Converted tri-state node "read_data[0]" into a selector File: C:/Users/tonys/Downloads/lab8/regfile.v Line: 60
Info (19000): Inferred 1 megafunctions from design logic
    Info (276029): Inferred altsyncram megafunction from the following design logic: "RAM:MEM|mem_rtl_0" 
        Info (286033): Parameter OPERATION_MODE set to DUAL_PORT
        Info (286033): Parameter WIDTH_A set to 16
        Info (286033): Parameter WIDTHAD_A set to 8
        Info (286033): Parameter NUMWORDS_A set to 256
        Info (286033): Parameter WIDTH_B set to 16
        Info (286033): Parameter WIDTHAD_B set to 8
        Info (286033): Parameter NUMWORDS_B set to 256
        Info (286033): Parameter ADDRESS_ACLR_A set to NONE
        Info (286033): Parameter OUTDATA_REG_B set to UNREGISTERED
        Info (286033): Parameter ADDRESS_ACLR_B set to NONE
        Info (286033): Parameter OUTDATA_ACLR_B set to NONE
        Info (286033): Parameter ADDRESS_REG_B set to CLOCK0
        Info (286033): Parameter INDATA_ACLR_A set to NONE
        Info (286033): Parameter WRCONTROL_ACLR_A set to NONE
        Info (286033): Parameter INIT_FILE set to db/lab8_top.ram0_RAM_c71b7de4.hdl.mif
        Info (286033): Parameter READ_DURING_WRITE_MODE_MIXED_PORTS set to OLD_DATA
Info (12130): Elaborated megafunction instantiation "RAM:MEM|altsyncram:mem_rtl_0"
Info (12133): Instantiated megafunction "RAM:MEM|altsyncram:mem_rtl_0" with the following parameter:
    Info (12134): Parameter "OPERATION_MODE" = "DUAL_PORT"
    Info (12134): Parameter "WIDTH_A" = "16"
    Info (12134): Parameter "WIDTHAD_A" = "8"
    Info (12134): Parameter "NUMWORDS_A" = "256"
    Info (12134): Parameter "WIDTH_B" = "16"
    Info (12134): Parameter "WIDTHAD_B" = "8"
    Info (12134): Parameter "NUMWORDS_B" = "256"
    Info (12134): Parameter "ADDRESS_ACLR_A" = "NONE"
    Info (12134): Parameter "OUTDATA_REG_B" = "UNREGISTERED"
    Info (12134): Parameter "ADDRESS_ACLR_B" = "NONE"
    Info (12134): Parameter "OUTDATA_ACLR_B" = "NONE"
    Info (12134): Parameter "ADDRESS_REG_B" = "CLOCK0"
    Info (12134): Parameter "INDATA_ACLR_A" = "NONE"
    Info (12134): Parameter "WRCONTROL_ACLR_A" = "NONE"
    Info (12134): Parameter "INIT_FILE" = "db/lab8_top.ram0_RAM_c71b7de4.hdl.mif"
    Info (12134): Parameter "READ_DURING_WRITE_MODE_MIXED_PORTS" = "OLD_DATA"
Info (12021): Found 1 design units, including 1 entities, in source file db/altsyncram_7gr1.tdf
    Info (12023): Found entity 1: altsyncram_7gr1 File: C:/Users/tonys/Downloads/lab8/db/altsyncram_7gr1.tdf Line: 27
Warning (13024): Output pins are stuck at VCC or GND
    Warning (13410): Pin "LEDR[9]" is stuck at GND File: C:/Users/tonys/Downloads/lab8/lab8_top.v Line: 5
    Warning (13410): Pin "HEX0[0]" is stuck at GND File: C:/Users/tonys/Downloads/lab8/lab8_top.v Line: 6
    Warning (13410): Pin "HEX0[1]" is stuck at GND File: C:/Users/tonys/Downloads/lab8/lab8_top.v Line: 6
    Warning (13410): Pin "HEX0[2]" is stuck at GND File: C:/Users/tonys/Downloads/lab8/lab8_top.v Line: 6
    Warning (13410): Pin "HEX0[3]" is stuck at GND File: C:/Users/tonys/Downloads/lab8/lab8_top.v Line: 6
    Warning (13410): Pin "HEX0[4]" is stuck at GND File: C:/Users/tonys/Downloads/lab8/lab8_top.v Line: 6
    Warning (13410): Pin "HEX0[5]" is stuck at GND File: C:/Users/tonys/Downloads/lab8/lab8_top.v Line: 6
    Warning (13410): Pin "HEX0[6]" is stuck at GND File: C:/Users/tonys/Downloads/lab8/lab8_top.v Line: 6
    Warning (13410): Pin "HEX1[0]" is stuck at GND File: C:/Users/tonys/Downloads/lab8/lab8_top.v Line: 6
    Warning (13410): Pin "HEX1[1]" is stuck at GND File: C:/Users/tonys/Downloads/lab8/lab8_top.v Line: 6
    Warning (13410): Pin "HEX1[2]" is stuck at GND File: C:/Users/tonys/Downloads/lab8/lab8_top.v Line: 6
    Warning (13410): Pin "HEX1[3]" is stuck at GND File: C:/Users/tonys/Downloads/lab8/lab8_top.v Line: 6
    Warning (13410): Pin "HEX1[4]" is stuck at GND File: C:/Users/tonys/Downloads/lab8/lab8_top.v Line: 6
    Warning (13410): Pin "HEX1[5]" is stuck at GND File: C:/Users/tonys/Downloads/lab8/lab8_top.v Line: 6
    Warning (13410): Pin "HEX1[6]" is stuck at GND File: C:/Users/tonys/Downloads/lab8/lab8_top.v Line: 6
    Warning (13410): Pin "HEX2[0]" is stuck at GND File: C:/Users/tonys/Downloads/lab8/lab8_top.v Line: 6
    Warning (13410): Pin "HEX2[1]" is stuck at GND File: C:/Users/tonys/Downloads/lab8/lab8_top.v Line: 6
    Warning (13410): Pin "HEX2[2]" is stuck at GND File: C:/Users/tonys/Downloads/lab8/lab8_top.v Line: 6
    Warning (13410): Pin "HEX2[3]" is stuck at GND File: C:/Users/tonys/Downloads/lab8/lab8_top.v Line: 6
    Warning (13410): Pin "HEX2[4]" is stuck at GND File: C:/Users/tonys/Downloads/lab8/lab8_top.v Line: 6
    Warning (13410): Pin "HEX2[5]" is stuck at GND File: C:/Users/tonys/Downloads/lab8/lab8_top.v Line: 6
    Warning (13410): Pin "HEX2[6]" is stuck at GND File: C:/Users/tonys/Downloads/lab8/lab8_top.v Line: 6
    Warning (13410): Pin "HEX3[0]" is stuck at GND File: C:/Users/tonys/Downloads/lab8/lab8_top.v Line: 6
    Warning (13410): Pin "HEX3[1]" is stuck at GND File: C:/Users/tonys/Downloads/lab8/lab8_top.v Line: 6
    Warning (13410): Pin "HEX3[2]" is stuck at GND File: C:/Users/tonys/Downloads/lab8/lab8_top.v Line: 6
    Warning (13410): Pin "HEX3[3]" is stuck at GND File: C:/Users/tonys/Downloads/lab8/lab8_top.v Line: 6
    Warning (13410): Pin "HEX3[4]" is stuck at GND File: C:/Users/tonys/Downloads/lab8/lab8_top.v Line: 6
    Warning (13410): Pin "HEX3[5]" is stuck at GND File: C:/Users/tonys/Downloads/lab8/lab8_top.v Line: 6
    Warning (13410): Pin "HEX3[6]" is stuck at GND File: C:/Users/tonys/Downloads/lab8/lab8_top.v Line: 6
    Warning (13410): Pin "HEX4[0]" is stuck at GND File: C:/Users/tonys/Downloads/lab8/lab8_top.v Line: 6
    Warning (13410): Pin "HEX4[1]" is stuck at GND File: C:/Users/tonys/Downloads/lab8/lab8_top.v Line: 6
    Warning (13410): Pin "HEX4[2]" is stuck at GND File: C:/Users/tonys/Downloads/lab8/lab8_top.v Line: 6
    Warning (13410): Pin "HEX4[3]" is stuck at GND File: C:/Users/tonys/Downloads/lab8/lab8_top.v Line: 6
    Warning (13410): Pin "HEX4[4]" is stuck at GND File: C:/Users/tonys/Downloads/lab8/lab8_top.v Line: 6
    Warning (13410): Pin "HEX4[5]" is stuck at GND File: C:/Users/tonys/Downloads/lab8/lab8_top.v Line: 6
    Warning (13410): Pin "HEX4[6]" is stuck at GND File: C:/Users/tonys/Downloads/lab8/lab8_top.v Line: 6
    Warning (13410): Pin "HEX5[0]" is stuck at GND File: C:/Users/tonys/Downloads/lab8/lab8_top.v Line: 6
    Warning (13410): Pin "HEX5[1]" is stuck at GND File: C:/Users/tonys/Downloads/lab8/lab8_top.v Line: 6
    Warning (13410): Pin "HEX5[2]" is stuck at GND File: C:/Users/tonys/Downloads/lab8/lab8_top.v Line: 6
    Warning (13410): Pin "HEX5[3]" is stuck at GND File: C:/Users/tonys/Downloads/lab8/lab8_top.v Line: 6
    Warning (13410): Pin "HEX5[4]" is stuck at GND File: C:/Users/tonys/Downloads/lab8/lab8_top.v Line: 6
    Warning (13410): Pin "HEX5[5]" is stuck at GND File: C:/Users/tonys/Downloads/lab8/lab8_top.v Line: 6
    Warning (13410): Pin "HEX5[6]" is stuck at GND File: C:/Users/tonys/Downloads/lab8/lab8_top.v Line: 6
Info (286030): Timing-Driven Synthesis is running
Info (144001): Generated suppressed messages file C:/Users/tonys/Downloads/lab8/output_files/lab8_top.map.smsg
Info (16010): Generating hard_block partition "hard_block:auto_generated_inst"
    Info (16011): Adding 0 node(s), including 0 DDIO, 0 PLL, 0 transceiver and 0 LCELL
Warning (21074): Design contains 5 input pin(s) that do not drive logic
    Warning (15610): No output dependent on input pin "KEY[0]" File: C:/Users/tonys/Downloads/lab8/lab8_top.v Line: 2
    Warning (15610): No output dependent on input pin "KEY[2]" File: C:/Users/tonys/Downloads/lab8/lab8_top.v Line: 2
    Warning (15610): No output dependent on input pin "KEY[3]" File: C:/Users/tonys/Downloads/lab8/lab8_top.v Line: 2
    Warning (15610): No output dependent on input pin "SW[8]" File: C:/Users/tonys/Downloads/lab8/lab8_top.v Line: 3
    Warning (15610): No output dependent on input pin "SW[9]" File: C:/Users/tonys/Downloads/lab8/lab8_top.v Line: 3
Info (21057): Implemented 692 device resources after synthesis - the final resource count might be different
    Info (21058): Implemented 15 input pins
    Info (21059): Implemented 52 output pins
    Info (21061): Implemented 609 logic cells
    Info (21064): Implemented 16 RAM segments
Info: Quartus Prime Analysis & Synthesis was successful. 0 errors, 75 warnings
    Info: Peak virtual memory: 4840 megabytes
    Info: Processing ended: Thu Nov 12 20:14:08 2020
    Info: Elapsed time: 00:00:14
    Info: Total CPU time (on all processors): 00:00:29


+------------------------------------------+
; Analysis & Synthesis Suppressed Messages ;
+------------------------------------------+
The suppressed messages can be found in C:/Users/tonys/Downloads/lab8/output_files/lab8_top.map.smsg.


